0 info it worked if it ends with ok
1 verbose cli [ '/usr/bin/node', '/usr/bin/npm', 'stop' ]
2 info using npm@2.1.12
3 info using node@v0.10.33
4 verbose run-script [ 'prestop', 'stop', 'poststop' ]
5 info prestop watchmen@1.1.1
6 info stop watchmen@1.1.1
7 verbose unsafe-perm in lifecycle true
8 info watchmen@1.1.1 Failed to exec stop script
9 verbose stack Error: watchmen@1.1.1 stop: `forever stop server.js; forever stop webserver/app.js`
9 verbose stack Exit status 1
9 verbose stack     at EventEmitter.<anonymous> (/usr/lib/node_modules/npm/lib/utils/lifecycle.js:212:16)
9 verbose stack     at EventEmitter.emit (events.js:98:17)
9 verbose stack     at ChildProcess.<anonymous> (/usr/lib/node_modules/npm/lib/utils/spawn.js:14:12)
9 verbose stack     at ChildProcess.emit (events.js:98:17)
9 verbose stack     at maybeClose (child_process.js:756:16)
9 verbose stack     at Process.ChildProcess._handle.onexit (child_process.js:823:5)
10 verbose pkgid watchmen@1.1.1
11 verbose cwd /home/sergi/dev/watchMenSopra
12 error Linux 3.10.61-1-MANJARO
13 error argv "/usr/bin/node" "/usr/bin/npm" "stop"
14 error node v0.10.33
15 error npm  v2.1.12
16 error code ELIFECYCLE
17 error watchmen@1.1.1 stop: `forever stop server.js; forever stop webserver/app.js`
17 error Exit status 1
18 error Failed at the watchmen@1.1.1 stop script 'forever stop server.js; forever stop webserver/app.js'.
18 error This is most likely a problem with the watchmen package,
18 error not with npm itself.
18 error Tell the author that this fails on your system:
18 error     forever stop server.js; forever stop webserver/app.js
18 error You can get their info via:
18 error     npm owner ls watchmen
18 error There is likely additional logging output above.
19 verbose exit [ 1, true ]
